[   0.000]Initialiing cgroup subsys cpuset
[    0.000000] Initializing cgroup subsys cpu
[    0.000000] Initializing cgroup subsys cpuacct
    0.000000] Linux version 4.4.0-64-generic (buildd@lgw01-56) (gcc version 5.4.0 20160609 (Ubuntu 5.40-6ubuntu1~16.04.4) ) #85-Ubuntu SMP Mon Feb 20 11:50:30 UTC 2017 (Ubuntu 4.4.0-64.85-generic 44.44)
[    0.000000] Command line: BOOT_IMAGE=/boot/vmlinuz-4.4.0-64-generic root=LAB=coudimg-rootfs ro console=tty1 console=ttyS0
[    0.000000] KERNEL supported cpus:
[    0.00000   Intel GenuineIntel
[    0.000000]   AMD AuthenticAMD
[    0.000000]   Centaur CentaurHauls
[    0.000000] x86/fpu: xstate_offset[2]:  576, xstate_sizes[2]:  256
[    0.000000] x86/fpu: Supporting XSAVE feature 0x01: 'x87 floating point registers'
[    0.000000] x86/fpu: Supporti XSAVE feature 0x02: 'SSE registers'
[    0.000000] x86/fpu: Supporting XSAVE feature 0x04: 'AVX registers'
[    0.000000] x86/pu: Enabled xstatefeatures 0x7, context size is 832 bytes, using 'standard' format.
[    0.000000] x86/fpu: Using 'lazy' FPU context switches.
[   .000000] e820: BIOS-provided physical RAM map:
[    0.000000] BIOS-e820: [mem 0x0000000000000000-0x000000000009fbff] usable
[    0.000000] BIOS-e820: [mem 0x000000000009fc00-0x000000000009ffff] reserved
[    0.000000] BIOS-e820: [mem 0x00000000000f0000-0x00000000000fffff] reserved
[    0.000000] BIOS-e820: [mem 0x0000000000100000-0x00000000dffeffff] usable
[    0.000000] BIOS-e820: [mem 0x00000000dfff0000-0x00000000dfffffff] ACPI data
[    0.000000] BIOS-e820: [mem 0x00000000fec00000-0x00000000fec00fff] reserved
[    0.000000] BIOS-e820: [mem 0x00000000fee00000-0x00000000fee00fff] reserved
[    0.000000] BIOS-e820: [mem 0x00000000fffc0000-0x00000000ffffffff] reserved
[    0.000000] BIOS-e820: [mem 0x0000000100000000-0x000000011fffffff] usable
[    0.000000] NX (Execute Disable) protection: active
[    0.000000] SMBIOS 2.5 present.
[    0.000000] Hypervisor detected: KVM
[    0.000000] e820: last_pfn = 0x120000 max_arch_pfn = 0x400000000
[    0.000000] MTRR: Disaled
[    0000000] x86/PAT: MTRRs disabled, skipping PAT initialization too.
[    0000000] x86/PAT: Configuration [0-7]: WB  WT  UC- C WB  WT  UC- C  
[   0.000000] CPU MTRRs all bank - viruazed sysm.
[    .000] e20 laspfn =xdf0 maar_pfn = x400000
  0.00000] found SMP MP-table at [mem 0x0009fff0-0x0009ffff] mapped at [fffff8800009ff0]    0.000000] Scanning 1 areas for low memory crution[  0.0000] AMIS [mem 0x36ae0-0x3756ff]
[  0000000] ACPI: Early table checksum verification disabled
[    0.000000] ACPI: RSDP 0x00000000000E0000 000024 (v02 VOX)
[  0.0000 AI:XSDT x000000DFF300000C 01VBOX  VXXDT 000000ASL 000061)
[    0.00000]ACPI: FACP 0x00000000DFFF00F0 0000F4 (v04 VBOX   VBOXFACP 00000001 ASL  00000061)
[    00000 ACPIDSDT0x00000000DFFF0470 00210F (v01 VBOX   VBOXBIOS 00000002 INTL 20100528)
[    0.000000] ACPI: FACS 0x00000000DFFF0200 000040
[    0.000000] ACPI: ACS 0x00000000DFFF0200 000040
   0.000000] ACPI: APIC 0x00000000DFFF0240 00005C (v02 VBOX   VBOXAPIC 00000001 ASL  000061
[    00.000000] ACPI: SSDT 0x0000000DFFF02A0 0001CC (v01 VBOX   VBOXCPT 00000002 INTL 20100528)
[    0.000000] No NUMA configuration found
[    0.000000] Faking a node at [mem 0x0000000000000000-0x000000011fffffff]
[   0.0000]NODE_DATA0)allocate[mem 0x11f7000-0x11fffbfff]
[    0.000000] kvm-clock: Using msrs 4b564d01 and 4b564d00
[    0.000000] kvm-clock: cpu 0, msr 1:1fff001, primary cpu clock
[    0.000000] kvm-cloc: using sched offset of 3251762902 cycles
[    0.000000] clocksource: kvm-clock: mask: 0xffffffffffffffff max_cycles: 0x1cd42e4dffb, max_idle_ns: 881590591483 ns
[    0.000000] Zone ranges:
[    0.000000]   DMA      [mem 0x0000000000001000-0x0000000000ffffff]
[    0.000000]   DMA32    [mem 0x0000000001000000-0x00000000ffffffff]
[    0.000000]   Normal   [mem 0x0000000100000000-0x000000011fffffff]
[    0.000000]   Device   empty
[    0.000000]Movable zne start for each node
[    0.0000 Early mmoy noderanges
[   0.000000   nde   0 [me 00000000000001000-0x000000000009ef]
    0.0000]   nde  : em0x00000000100000-0x00000000dffeffff]
[    0.000000]   node   0: [mem 0x0000000100000000-0x000000011ffffff]
[    0.000000] Initmem setup node 0 [mem 0x0000000000001000-0x000000011fffffff]
[    0.000000] ACPI: PM-Timer IO Port: 0x4008
[    0.000000] IOAPIC[0]: apic_id 2, version 32, address 0xfec00000, GSI 0-23
[    0.000000] ACPI: INT_SRC_OVR (bus 0 bus_irq 0 global_irq 2 dfl dfl)
[    0.000000] ACPI: INT_SRC_OVR (bus 0 bus_irq 9 global_irq 9 high level)
[    0000000]sing API (MADT) for SMP configuration information
[    0.000000] smpboot: Allowing 2 CPUs, 0 hotplug CPUs
[    0.000000] PMRegistered nosave memory: [mem 0x00000000-0x00000fff]
[    0.000000] PM: Registered nosave memry [em 0x0009f000-0x0009ffff]
[    0.000000] PM: Registered nosave memory: [mem 0x00a00-00x00effff]
[    0.000000] PM: Registered nosave memory: [mem 0x000f0000-0x000fffff]
[    0.000000] PM: Registered nosave memory: [mem 0xdfff0000-0xdfffffff]
[    0.00000] PM: Registered nosave memor: em 0xe0000-0fefff]
[    0.00000] P: Registered nosave memory: [mem 0xfec00000-0xfec00fff]
[    0.000000] PM: Registered nosave memory: [mem 0xfec01000-0xfedfffff]
[    0.000000] PM: Reistered nosave memory: [mem 0xfee00000-0xfee00fff]
[    0.000000] PM: Registered nosave memory: [mem 0xfee01000-0xfffbffff]
[    0.000000] PM: Registered nosave memory: [mem 0xfffc0000-0xffffffff]
[    0.000000] e820: [mem 0xe0000000-0xfebfffff] available for PCI devices
[    0.000000] Booting paravirtualized kernel on KVM
[    0.000000] clocksource: refined-jiffie mask: 0xffffffff max_cycles: 0xffffffff, max_idle_ns: 76455190011568 ns
    0.000000] setup_percpu: NR_CPUS:512 nr_cpumask_bits:512 nr_cpu_ids:2 nr_node_ids:1
[    0.000000] PERCPU: Emeded33 pges/cpu @ffff88011fc00000 s98264 r8192 d28712 u1048576
[    0.000000] PV qspinlock hash table entries: 256 (order: 0, 4096 bytes)
[    0.000000] Built 1 zonelists in Node order, mobility grouping on.  Total pages: 1032057
[    0.000000] Policy zone: Normal
[    0.000000] Kernel commaand line: BOOT_IMAGE=/boot/vmlinuz-44.0-64-generic root=LABEL=cloudimg-rootfs ro console=tty1 console=ttyS0
[    0.000000] PID hash table entri: 4096 (order: 3, 32768 bytes)
[    0.000000] Memory: 4032332K/4193848K available (8452K ernel code, 1293K rwdata, 3980K rodata, 1488K init, 1316K bss, 161516K reserved, 0K cma-reserved)
[    0.000000 SLUB: HWalign=64, Order=0-3, MinObjects=0, CPUs=2, Nodes=1
[    0.000000] Hierarchical RCU implementation.
[    0.000000] 	il-time adjustment of leaf fanout to 64.
[    0.0000000] 	RCU restricting CPUs from NR_CPUS=512 to n_cpu_ids=2.
[   0.000000] RCU: Adjusting geometry for rcu_fanout_leaf=64, r_cpu_ids=2
[    0.000000] NR_IRQS:33024 nr_irqs:440 16
[    0.000000] Console: colour VGA+ 80x25
[    0.000000] console [ty1] enabled
[    0.000000] console [ttyS0] enabled
[    0.000000] tsc: Detected 269.998 MHz processor
[    5.156143] Calibrating delay loop (skipped) preset value.. 5399.99 BogoMIPS (lpj=10799992)
[    5.159778] pid_max: default: 32768 minimum: 301
[    5.165404] ACPI: Core revision 20150930
[    5.171251] ACPI: 2 ACPI AML tables successfully acquired and loaded
[    5.181967] Security Framework initialized
[    5.184011] Yama: becoming mindful.
[    5.185871] AppArmor: AppArmor initialized
[    5.189988] Dentry cache hash table entries: 524288 (order: 10, 4194304 bytes)
[    5.200334] Inode-cache hash table entries: 262144 (order: 9, 2097152 bytes)
[    5.217005] Mount-cache hash table entries: 8192 (order: 4, 65536 bytes)
[    5.230919] Mountpoint-cache hash table entries: 8192 (order: 4, 65536 bytes)
[    5.234170] Initializing cgroup subsys io
[    5.241549] Initializing cgroup subsys memory
[    5.250784] Initializing cgroup subsys devices
[    5.251998] Initializing cgroup subsys freezer
[    5.254450] Initializing cgroup subsys net_cls
[    5.255815] Initializing cgroup subsys perf_event
[    5.260649] Initializing cgroup subsys net_prio
[    5.261975] Initializing cgroup subsys hugetlb
[    5.263331] Initializing cgroup subsys pids
[    5.272546] CPU: Physical Processor ID: 0
[    5.277616] CPU: Processor Core ID: 0
[    5.279828] mce: CPU supports 0 MCE banks
[    5.282893] Last level iTLB entries: 4KB 64, 2MB 8, 4MB 8
[    5.285329] Last level dTLB entries: 4KB 64, 2MB 0, 4MB 0, 1GB 4
[    5.290969] Freeing SMP alternatives memory: 32K (ffffffff820b9000 - ffffffff820c1000)
[    5.309709] ftrace: allocating 32123 entries in 126 pages
[    5.373573] smpboot: APIC(0) Converting physical 0 to logical package 0
[    5.468614] smpboot: Max logical packages: 1
[    5.469883] x2apic enabled
[    5.470867] Switched APIC routing to physical x2apic.
[    5.473153] ..TIMER: vector=0x30 apic1=0 pin1=2 apic2=-1 pin2=-1
[    5.600384] smpboot: CPU0: Intel(R) Core(TM) i5-5257U CPU @ 2.70GHz (family: 0x6, model: 0x3d, stepping: 0x4)
[    5.603426] Performance Events: unsupported p6 CPU model 61 no PMU driver, software events only.
[    5.612119] KVM setup paravirtual spinlock
[    5.623085] x86: Booting SMP configuration:
[    5.646945] .... node  #0, CPUs:      #1
[    5.648162] kvm-clock: cpu 1, msr 1:1ffef041, secondary cpu clock
[    5.696425] mce: CPU supports 0 MCE banks
[    5.701624] x86: Booted up 1 node, 2 CPUs
[    5.718453] smpboot: Total of 2 processors activated (10799.99 BogoMIPS)
[    5.726608] devtmpfs: initialized
[    5.731471] evm: security.selinux
[    5.741090] evm: security.SMACK64
[    5.747665] evm: security.SMACK64EXEC
[    5.748552] evm: security.SMACK64TRANSMUTE
[    5.749501] evm: security.SMACK64MMAP
[    5.755897] evm: security.ima
[    5.756658] evm: security.capability
[    5.757796] clocksource: jiffies: mask: 0xffffffff max_cycles: 0xffffffff, max_idle_ns: 7645041785100000 ns
[    5.760142] pinctrl core: initialized pinctrl subsystem
[    5.767365] RTC time: 16:20:50, date: 03/05/17
[    5.768610] NET: Registered protocol family 16
[    5.778538] cpuidle: using governor ladder
[    5.802911] cpuidle: using governor menu
[    5.806795] PCCT header not found.
[    5.816764] ACPI: bus type PCI registered
[    5.817940] acpiphp: ACPI Hot Plug PCI Controller Driver version: 0.5
[    5.819404] PCI: Using configuration type 1 for base access
[    5.835194] ACPI: Added _OSI(Module Device)
[    5.838026] ACPI: Added _OSI(Processor Device)
[    5.839286] ACPI: Added _OSI(3.0 _SCP Extensions)
[    5.840446] ACPI: Added _OSI(Processor Aggregator Device)
[    5.842320] ACPI: Executed 1 blocks of module-level executable AML code
[    5.855007] ACPI: Interpreter enabled
[    5.858194] ACPI: (supports S0 S5)
[    5.859024] ACPI: Using IOAPIC for interrupt routing
[    5.860266] PCI: Using host bridge windows from ACPI; if necessary, use "pci=nocrs" and report a bug
[    5.873916] ACPI: PCI Root Bridge [PCI0] (domain 0000 [bus 00-ff])
[    5.875476] acpi PNP0A03:00: _OSC: OS supports [ASPM ClockPM Segments MSI]
[    5.879034] acpi PNP0A03:00: _OSC failed (AE_NOT_FOUND); disabling ASPM
[    5.891511] acpi PNP0A03:00: fail to add MMCONFIG information, can't access extended PCI configuration space under this bridge.
[    5.901329] PCI host bridge to bus 0000:00
[    5.903571] pci_bus 0000:00: root bus resource [io  0x0000-0x0cf7 window]
[    5.909386] pci_bus 0000:00: root bus resource [io  0x0d00-0xffff window]
[    5.910956] pci_bus 0000:00: root bus resource [mem 0x000a0000-0x000bffff window]
[    5.934474] pci_bus 0000:00: root bus resource [mem 0xe0000000-0xffdfffff window]
[    5.957245] pci_bus 0000:00: root bus resource [bus 00-ff]
[    5.967500] pci 0000:00:01.1: legacy IDE quirk: reg 0x10: [io  0x01f0-0x01f7]
[    5.976908] pci 0000:00:01.1: legacy IDE quirk: reg 0x14: [io  0x03f6]
[    5.982172] pci 0000:00:01.1: legacy IDE quirk: reg 0x18: [io  0x0170-0x0177]
[    5.990524] pci 0000:00:01.1: legacy IDE quirk: reg 0x1c: [io  0x0376]
[    6.082953] pci 0000:00:07.0: quirk: [io  0x4000-0x403f] claimed by PIIX4 ACPI
[    6.097445] pci 0000:00:07.0: quirk: [io  0x4100-0x410f] claimed by PIIX4 SMB
[    6.126093] ACPI: PCI Interrupt Link [LNKA] (IRQs 5 9 10 *11)
[    6.144058] ACPI: PCI Interrupt Link [LNKB] (IRQs 5 9 10 *11)
[    6.153645] ACPI: PCI Interrupt Link [LNKC] (IRQs 5 9 *10 11)
[    6.163327] ACPI: PCI Interrupt Link [LNKD] (IRQs 5 *9 10 11)
[    6.196467] ACPI: Enabled 2 GPEs in block 00 to 07
[    6.209096] vgaarb: setting as boot device: PCI:0000:00:02.0
[    6.218278] vgaarb: device added: PCI:0000:00:02.0,decodes=io+mem,owns=io+mem,locks=none
[    6.220360] vgaarb: loaded
[    6.234179] vgaarb: bridge control possible 0000:00:02.0
[    6.261196] SCSI subsystem initialized
[    6.277349] ACPI: bus type USB registered
[    6.279565] usbcore: registered new interface driver usbfs
[    6.280940] usbcore: registered new interface driver hub
[    6.291622] usbcore: registered new device driver usb
[    6.303737] PCI: Using ACPI for IRQ routing
[    6.309871] NetLabel: Initializing
[    6.313485] NetLabel:  domain hash size = 128
[    6.315824] NetLabel:  protocols = UNLABELED CIPSOv4
[    6.325801] NetLabel:  unlabeled traffic allowed by default
[    6.338247] amd_nb: Cannot enumerate AMD northbridges
[    6.379980] clocksource: Switched to clocksource kvm-clock
[    6.394001] AppArmor: AppArmor Filesystem Enbld[   48148] pnp: PnP APIint
[   .690363] pnp: PnP ACPI: found 3 devvics
[   8085] clocksource: acpi_pm: mask: 0xffffff max_cycles: 0xffffff, max_idle_ns: 208570124ns
[  701868]NET Riser prtoolfamily 2
[   7.404322] TCP established hash table entries: 32768 (order: 6, 262144 byte
[  7.494044] TCP bind hash tab entrie 376(order: 7, 524288 bytes)
[    7.728480] TCP: Hash tabls configured (established 32768 bind 32768)
[    7.768219] UDP hash table entries: 2048 (order: 4, 65536 bytes)
[    7.769579] UDP-Lite hash table entries: 2048 (order: 4, 65536 ytes)
[    7.797177] NE Reistred protol mily 1
[    8.008991] pi 0000:00:00.0: Limiting direcPCICIransfers
[    8.191236] pci 0000:00:01.0: Activating ISA D hngorrond
[   4666] ryngto unpack rootfs image as initramfs...
[   10.618754] Freeing initrd memory: 10756K (ffff880036aee000 - ffff88003756f000)
[   10.642781] PCI-DMA: Using software bounce buffering for IO (SWIOTLB)
[   10.652345] software IO TLB [mem 0xdbff0000-0xdfff0000] (64MB) mapped at [ffff8800dbff0000-ffff8800dffeffff]
[   10.675121] RAPL PMU detected, API unit is 2^-32 Joules, 4 fixed counters 10737418240 ms ovfl timer
[   10.686592] hw unit of domain pp0-core 2^-0 Joules
[   10.693904] hw unit of domain package 2^-0 Joules
[   10.707339] hw unit of domain dram 2^-0 Joules
[   10.715839] hw unit of domain pp1-gpu 2^-0 Joules
[   10.729612] platform rtc_cmos: registered platform RTC device (no PNP device found)
[   10.731610] Scanning for low memory corruption every 60 seconds
[   10.737112] futex hash table entries: 512 (order: 3, 32768 bytes)
[   10.743409] audit: initializing netlink subsys (disabled)
[   10.746481] audit: type=2000 audit(1488730853.970:1): initialized
[   10.750564] Initialise system trusted keyring
[   10.757649] HugeTLB registered 2 MB page size, pre-allocated 0 pages
[   10.761543] zbud: loaded
[   10.762523] VFS: Disk quotas dquot_6.6.0
[   10.787702] VFS: Dquot-cache hash table entries: 512 (order 0, 4096 bytes)
[   10.803425] squashfs: version 4.0 (2009/01/31) Phillip Lougher
[   10.814134] fuse init (API version 7.23)
[   10.822033] Key type big_key registered
[   10.825076] Allocating IMA MOK and blacklist keyrings.
[   10.829618] Key type asymmetric registered
[   10.830649] Asymmetric key parser 'x509' registered
[   10.837884] Block layer SCSI generic (bsg) driver version 0.4 loaded (major 249)
[   10.854223] io scheduler noop registered
[   10.867894] io scheduler deadline registered (default)
[   10.877164] io scheduler cfq registered
[   10.882480] pci_hotplug: PCI Hot Plug PCI Core version: 0.5
[   10.895845] pciehp: PCI Express Hot Plug Controller Driver version: 0.4
[   10.903414] ACPI: AC Adapter [AC] (off-line)
[   10.913302] input: Power Button as /devices/LNXSYSTM:00/LNXPWRBN:00/input/input0
[   10.916272] ACPI: Power Button [PWRF]
[   10.938458] input: Sleep Button as /devices/LNXSYSTM:00/LNXSLPBN:00/input/input1
[   10.966294] ACPI: Sleep Button [SLPF]
[   10.983425] ACPI: Battery Slot [BAT0] (battery present)
[   10.988396] GHES: HEST is not enabled!
[   11.024100] Serial: 8250/16550 driver, 32 ports, IRQ sharing enabled
[   11.061440] 00:02: ttyS0 at I/O 0x3f8 (irq = 4, base_baud = 115200) is a 16550A
[   11.072919] Linux agpgart interface v0.103
[   11.097017] brd: module loaded
[   11.099917] loop: module loaded
[   11.101483] scsi hos0:atpi
[   1161238] scsi st: tapiix
[   144362] ta PATAmax UDMA/33 cmd 0x1f0 ctl 0x3f6 bmda 0x000irq 14
[   11.727846] ata2: PATA max UDMA/33 cmd 0x170 ctl 0x376 bdm0x008 irq 15

[   1.802]ts Rind SC clocksource alraio: 2700.064 MHz

[   11.728064] clocksource: tsc: mask: 0xffffffffffffffff max_cycles: 0x6e7b14ee, max_idle_ns: 440795339999 ns

[   12.32202] ibhy Fxed MDIO Bus: probed
[   12.465166] tun: UniversalUNAP device driver, 1.6

[   12.590832] tun: (C) 1999-2004 Max Krasnyansky <maxk@qualcomm.com>
[ 1202233] PPP generic driver version 2.4.2
[   12.744747] ehci_hcd: USB 2.0 'Enhanced' Host Controller (EHCI) Driver
[   12.765509] ehci-pci: EHCI PCI platform driver
[   12.813673] ehci-platform: EHCI generic platform driver
[   12.830648] ohci_hcd: USB 1.1 'Open' Host Controller (OHCI) Driver
[   12.841568] ohci-pci: OHCI PCI platform driver
[   12.846271] ohci-platform: OHCI generic platform driver
[   12.858212] uhci_hcd: USB Universal Host Controller Interface driver
[   12.864339] i8042: PNP: PS/2 Controller [PNP0303:PS2K,PNP0f03:PS2M] at 0x60,0x64 irq 1,12
[   12.881233] serio: i8042 KBD port at 0x60,0x64 irq 1
[   12.892657] serio: i8042 AUX port at 0x60,0x64 irq 12
[   12.903543] mousedev: PS/2 mouse device common for all mice
[   12.909825] input: AT Translated Set 2 keyboard as /devices/platform/i8042/serio0/input/input2
[   12.923271] rtc_cmos rtc_cmos: rtc core: registered rtc_cmos as rtc0
[   12.982906] rtc_cmos rtc_cmos: alarms up to one day, 114 bytes nvram
[   13.014798] i2c /dev entries driver
[   13.023485] device-mapper: uevent: version 1.0.3
[   13.026119] device-mapper: ioctl: 4.34.0-ioctl (2015-10-28) initialised: dm-devel@redhat.com
[   13.036309] ledtrig-cpu: registered to indicate activity on CPUs
[   13.048687] NET: Registered protocol family 10
[   13.076489] NET: Registered protocol family 17
[   13.088582] Key type dns_resolver registered
[   13.104513] microcode: CPU0 sig=0x306d4, pf=0x40, revision=0x0
[   13.174286] microcode: CPU1 sig=0x306d4, pf=0x40, revision=0x0
[   13.219369] microcode: Microcode Update Driver: v2.01 <tigran@aivazian.fsnet.co.uk>, Peter Oruba
[   13.257155] registered taskstats version 1
[   13.267778] Loading compiled-in X.509 certificates
[   13.271483] Loaded X.509 cert 'Build time autogenerated kernel key: 11f495fa9f4186f263f5fd144a167c99990e2f12'
[   13.283720] zswap: loaded using pool lzo/zbud
[   13.288525] Key type trusted registered
[   13.305555] Key type encrypted registered
[   13.309270] AppArmor: AppArmor sha1 policy hashing enabled
[   13.310496] ima: No TPM chip found, activating TPM-bypass!
[   13.312028] evm: HMAC attrs: 0x1
[   13.313264]   Magic number: 9:324:337
[   13.314251] tty tty58: hash matches
[   13.315560] rtc_cmos rtc_cmos: setting system clock to 2017-03-05 16:20:57 UTC (1488730857)
[   13.322957] BIOS EDD facility v0.16 2004-Jun-25, 0 devices found
[   13.326063] EDD information not available.
[   13.328483] Freeing unused kernel memory: 1488K (ffffffff81f45000 - ffffffff820b9000)
[   13.330385] Write protecting the kernel read-only data: 14336k
[   13.335956] Freeing unused kernel memory: 1776K (ffff880001844000 - ffff880001a00000)
[   13.343612] Freeing unused kernel memory: 116K (ffff880001de3000 - ffff880001e00000)
Loading, please wait...
starting version[   13.373974] random: systemd-udevd: uninitialized urandom read (16 bytes read, 3 bits of entropy available)
 229
[   13.374742] random: udevadm: uninitialized urandom read (16 bytes read, 3 bits of entropy available)
[   13.374775] random: udevadm: uninitialized urandom read (16 bytes read, 3 bits of entropy available)
[   13.374874] random: udevadm: uninitialized urandom read (16 bytes read, 3 bits of entropy available)
[   13.374909] random: udevadm: uninitialized urandom read (16 bytes read, 3 bits of entropy available)
[   13.374945] random: udevadm: uninitialized urandom read (16 bytes read, 3 bits of entropy available)
[   13.374979] random: udevadm: uninitialized urandom read (16 bytes read, 3 bits of entropy available)
[   13.375011] random: udevadm: uninitialized urandom read (16 bytes read, 3 bits of entropy available)
[   13.375042] random: udevadm: uninitialized urandom read (16 bytes read, 3 bits of entropy available)
[   13.375073] random: udevadm: uninitialized urandom read (16 bytes read, 3 bits of entropy available)
[   13.540581] Fusion MPT base driver 3.04.20
[   13.557624] Copyright (c) 1999-2008 LSI Corporation
[   13.575855] e1000: Intel(R) PRO/1000 Network Driver - version 7.3.21-k8-NAPI
[   13.586875] e1000: Copyright (c) 1999-2006 Intel Corporation.
[   13.614538] AVX version of gcm_enc/dec engaged.
[   13.618420] AES CTR mode by8 optimization enabled
[   13.645645] Fusion MPT SPI Host driver 3.04.20
[   13.796797] input: ImExPS/2 Generic Explorer Mouse as /devices/platform/i8042/serio1/input/input4
[   14.160040] e1000 0000:00:03.0 eth0: (PCI:33MHz:32-bit) 02:c3:a0:ef:89:73
[   14.161747] e1000 0000:00:03.0 eth0: Intel(R) PRO/1000 Network Connection
[   14.167971] e1000 0000:00:03.0 enp0s3: renamed from eth0
[   14.177479] mptbase: ioc0: Initiating bringup
[   14.268654] ioc0: LSI53C1030 A0: Capabilities={Initiator}
[   14.438555] scsi host2: ioc0: LSI53C1030 A0, FwRev=00000000h, Ports=1, MaxQ=256, IRQ=20
[   14.557042] scsi 2:0:0:0: Direct-Access     VBOX     HARDDISK         1.0  PQ: 0 ANSI: 5
[   14.573900] scsi target2:0:0: Beginning Domain Validation
[   14.584428] scsi target2:0:0: Domain Validation skipping write tests
[   14.594347] scsi target2:0:0: Ending Domain Validation
[   14.599037] scsi target2:0:0: asynchronous
[   14.603028] scsi 2:0:1:0: Direct-Access     VBOX     HARDDISK         1.0  PQ: 0 ANSI: 5
[   14.625922] scsi target2:0:1: Beginning Domain Validation
[   14.644690] scsi target2:0:1: Domain Validation skipping write tests
[   14.679337] scsi target2:0:1: Ending Domain Validation
[   14.702009] scsi target2:0:1: asynchronous
[   14.725910] sd 2:0:0:0: [sda] 20971520 512-byte logical blocks: (10.7 GB/10.0 GiB)
[   14.744463] sd 2:0:0:0: Attached scsi generic sg0 type 0
[   14.820427] sd 2:0:1:0: Attached scsi generic sg1 type 0
[   14.820983] sd 2:0:1:0: [sdb] 20480 512-byte logical blocks: (10.5 MB/10.0 MiB)
[   14.821141] sd 2:0:1:0: [sdb] Write Protect is off
[   14.821248] sd 2:0:1:0: [sdb] Incomplete mode parameter data
[   14.821249] sd 2:0:1:0: [sdb] Assuming drive cache: write through
[   14.823574] sd 2:0:1:0: [sdb] Attached SCSI disk
[   14.946885] sd 2:0:0:0: [sda] Write Protect is off
[   14.949699] sd 2:0:0:0: [sda] Incomplete mode parameter data
[   15.433573] sd 2:0:0:0: [sda] Assuming drive cache: write through
[   15.446802]  sda: sda1
[   15.454807] sd 2:0:0:0: [sda] Attached SCSI disk
[   16.532248] floppy0: no floppy controllers found
Begin: Loading essential drivers ... [   18.053228] md: linear personality registered for level -1
[   18.064042] md: multipath personality registered for level -4
[   18.075305] md: raid0 personality registered for level 0
[   18.099295] md: raid1 personality registered for level 1
[   18.212097] raid6: sse2x1   gen()  8874 MB/s
[   18.284448] raid6: sse2x1   xor()  6734 MB/s
[   18.364143] raid6: sse2x2   gen() 10979 MB/s
[   18.472134] raid6: sse2x2   xor()  7384 MB/s
[   18.560485] raid6: sse2x4   gen() 13127 MB/s
[   18.648186] raid6: sse2x4   xor()  8815 MB/s
[   18.669802] raid6: using algorithm sse2x4 gen() 13127 MB/s
[   18.714006] raid6: .... xor() 8815 MB/s, rmw enabled
[   18.727927] raid6: using ssse3x2 recovery algorithm
[   18.762690] xor: automatically using best checksumming function:
[   18.844018]    avx       : 15560.000 MB/sec
[   18.888806] async_tx: api initialized (async)
[   18.899536] md: raid6 personality registered for level 6
[   18.903714] md: raid5 personality registered for level 5
[   18.909884] md: raid4 personality registered for level 4
[   18.918654] md: raid10 personality registered for level 10
done.
Begin: Running /scripts/init-premount ... done.
Begin: Mounting root file system ... Begin: Ru[   18.963560] Btrfs loaded
nning /scripts/local-top ... done.
Begin: Running /scripts/local-premount ... Scanning for Btrfs filesystems
done.
Warning: f[   19.022499] EXT4-fs (sda1): mounted filesystem with ordered data mode. Opts: (null)
sck not present, so skipping root file system
done.
Begin: Running /scripts/local-bottom ... done.
Begin: Running /scripts/init-bottom ... done.
[   19.184165] systemd[1]: systemd 229 running in system mode. (+PAM +AUDIT +SELINUX +IMA +APPARMOR +SMACK +SYSVINIT +UTMP +LIBCRYPTSETUP +GCRYPT +GNUTLS +ACL +XZ -LZ4 +SECCOMP +BLKID +ELFUTILS +KMOD -IDN)
[   19.205212] systemd[1]: Detected virtualization oracle.
[   19.213136] systemd[1]: Detected architecture x86-64.

Welcome to [1mUbuntu 16.04.2 LTS[0m!

[   .2943] syted[1]: Set hostname to <ubuntu>.

[   19.428371] systemd[1]: Initializing machine ID from random generator.
[   19.447326] systemd[1]: Installed transient /etc/machine-id file.
[ 19649175] systemd[1]: Reached target Sw. [[0;32m  OK  [0m] Reached target Swap.
[  20.488961] systemd[1]: Listening on ouna Socket (/dev/log).
[[0;32m  OK  [0m] Listening on Journal Socket (/dev/log).
[ 20633771] systemd[1]: Created sliceUsr ndSession Slice.
[[0;32m  OK  [0m] Created slice User and Session Slice.
[   21.474067 sstmd[1]: Set up automount Arbitrary Executable Fie Formats File System Automount Point.
[[0;32m  OK  [0m] Set up automount Arbitrary Executab...ats File System Automount Point.
[   21.623009] systemd[1]: Reached target Uerand Group Name Lookps
[[0;32m  OK  [0m] Reached target User and Group Name Lookups.
[   21.73035 sstmd[1]: CreatedslceSyemSlice.
[[0;32m  OK  [0m] Created slice System Slice.
[   22.003796] systemd[1]: Reaedaret Slice

[[0;32m  OK  [0m] Reached target Slices.
[   22.238786] systemd[1]: Listening on /dev/initctl Compatibility Named Pipe.
[[0;32m  OK  [0m] Listening on /dev/initctl Compatibility Named Pipe.
[   22.261444] systemd[1]: Listening on Device-mapper event daemon FIFOs.
[[0;32m  OK  [0m] Listening on Device-mapper event daemon FIFOs.
[   22.270839] systemd[1]: Started Forward Password Requests to Wall Directory Watch.
[[0;32m  OK  [0m] Started Forward Password Requests to Wall Directory Watch.
[   22.3055] systemd[1]: Listening on udev Kernel Socket.

[[0;32m  OK  [0m] Listening on udev Kernel Socket.
[   22.377617] systemd[1]: Created slice system-serial\x2dgetty.slice.
[[0;32m  OK  [0m] Created slice system-serial\x2dgetty.slice.
[   22.388031] systemd[1]: Listening on Journal Socket.
[[0;32m  OK  [0m] Listening on Journal Socket.
[   22.420200] systemd[1]: Starting Load Kernel Modules...
         Starting Load Kernel Modules...[   22.433607] Loading iSCSI transport class v2.0-870.

[   22.457260] systemd[1]: Mounting Debug File System...
         Mounting Debug File System...
[   22.462861] systemd[1]: Mounting POSIX Message Queue File System...
         Mounting POSIX Message Queue File System...
[   22.467955] iscsi: registered transport (tcp)
[   22.475827] systemd[1]: Starting Set console keymap...
         Starting Set console keymap...
[   22.512313] iscsi: registered transport (iser)
[   22.516409] systemd[1]: Starting Create list of required static device nodes for the current kernel...
         Starting Create list of required st... nodes for the current kernel...
[   22.534064] systemd[1]: Starting Uncomplicated firewall...
[   22.534914] random: nonblocking pool is initialized
         Starting Uncomplicated firewall...
[   22.583769] systemd[1]: Listening on LVM2 metadata daemosocket.
[[0;32m  OK  [0m] Listening on LVM2 metadata daemon socket.
[   22.712314] systemd[1]: Starting Monitoring of LVM2 mirrors, snapshots etc. using dmeventd or progress polling...
         Starting Monitoring of LVM2 mirrors... dmeventd or progress polling...
[   22.736379] systemd[1]: Listening on LVM2 poll daemon socket.
[[0;32m  OK  [0m] Listening on LVM2 poll daemon socket.
[ 22.763525] systemd[1]: Listening on Journal Audit Socket.
[[0;32m  OK  [0m] Listening on Journal Audit Socket.
[   22.815503] systemd[1]: Reached target Encrypted Volumes.
[[0;32m  OK  [0m] Reached target Encrypted Volumes.
[   23.483921] systemd[1]: Starting Remount Root and Kernel File Systems...
         Starting Remount Root and Kernel File Systems...
[   23.514733] EXT4-fs (sda1): re-mounted. Opts: (null)
[   23.515314] systemd[1]: Starting Nameserver information manager...
         Starting Nameserver information manager...
[   23.576555] systemd[1]: Mounting Huge Pages File System...
         Mounting Huge Pages File System...
[   23.616931] systemd[1]: Listening on udev Control Socket.
[[0;32m  OK  [0m] Listening on udev Control Socket.
[   23.723642] systemd[1]: Listening on Syslog Socket.
[[0;32m  OK  [0m] Listening on Syslog Socket.
[   23.756748] systemd[1]: Starting Journal Service...
         Starting Journal Service...
[   23.769835] systemd[1]: Mounted Debug File System.
[[0;32m  OK  [0m] Mounted Debug File System.
[  23.824367] systemd[1]: Mounted POSIX Message Queue File System.

[[0;32m  OK  [0m] Mounted POSIX Message Queue File System.
[ 238647] ysem[1]: Mounted Huge Pages File System.

[[0;32m  OK  [0m] Mounted Huge Pages File System.
[   24.077592] systemd[1]: Started Journal Service.
[[0;32m  OK  [0m] Started Journal Service.
[[0;32m  OK  [0m] Started Load Kernel Modules.
[[0;32m  OK  [0m] Started Set console keymap.
[[0;32m  OK  [0m] Started Create list of required sta...ce nodes for the current kernel.
[[0;32m  OK  [0m] Started Uncomplicated firewall.
[[0;32m  OK  [0m] Started Remount Root and Kernel File Systems.
[[0;32m  OK  [0m] Started Nameserver information manager.
[[0;32m  OK  [0m] Started LVM2 metadata daemon.
         Starting Load/Save Random Seed...
         Starting udev Coldplug all Devices...
         Starting Initial cloud-init job (pre-networking)...
         Starting Create Static Device Nodes in /dev...
         Starting Apply Kernel Variables...
         Mounting FUSE Control File System...
         Starting Flush Journal to Persistent Storage...
[[0;32m  OK  [0m] Mounted FUSE Control File System.
[[0;32m  OK  [0m] Started Monitoring of LVM2 mirrors,...ng dmeventd or progress polling.
[[0;32m  OK  [0m] Started Load/Save Random Seed.
[[0;32m  OK  [0m] Started Create Static Device Nodes in /dev.
[[0;32m  OK  [0m] Started Apply Kernel Variables.
[[0;32m  OK  [0m] Started udev Coldplug all Devices.
[[0;32m  OK  [0m] Started Flush Journal to Persistent Storage.
         Starting udev Kernel Device Manager...
[[0;32m  OK  [0m] Started udev Kernel Device Manager.
[[0;32m  OK  [0m] Reached target Local File Systems (Pre).
[[0;32m  OK  [0m] Reached target Local File Systems.
         Starting Set console font and keymap...
         Starting LSB: AppArmor initialization...
         Starting Commit a transient machine-id on disk...
         Starting Create Volatile Files and Directories...
         Starting Tell Plymouth To Write Out Runtime Data...
[[0;32m  OK  [0m] Started Dispatch Password Requests to Console Directory Watch.
[[0;32m  OK  [0m] Started Tell Plymouth To Write Out Runtime Data.
[[0;32m  OK  [0m] Started Create Volatile Files and Directories.
[[0;32m  OK  [0m] Started Commit a transient machine-id on disk.
[[0;32m  OK  [0m] Reached target System Time Synchronized.
         Starting Update UTMP about System Boot/Shutdown...
[[0;32m  OK  [0m] Started Update UTMP about System Boot/Shutdown.
[[0;32m  OK  [0m] Found device /dev/ttyS0.
[[0;32m  OK  [0m] Listening on Load/Save RF Kill Switch Status /dev/rfkill Watch.
[   21.098223] [cloud-init[0;32m  OK  [0m[478]: ] Cloud-init v. 0.7.9 running 'init-local' at Sun, 05 Mar 2017 16:21:10 +0000. Up 20.30 seconds.Started Initial cloud-init job (pre-networking).

[[0;32m  OK  [0m] Started LSB: AppArmor initialization.
[[0;32m  OK  [0m] Reached target Network (Pre).
         Starting Raise network interfaces...
[[0;32m  OK  [0m] Started Set console font and keymap.
[[0;32m  OK  [0m] Created slice system-getty.slice.
[[0;32m  OK  [0m] Started Raise network interfaces.
         Starting Initial cloud-init job (metadata service crawler)...
[[0;32m  OK  [0m] Reached target Network.
[   23.918900] cloud-init[1052]: Cloud-init v. 0.7.9 running 'init' at Sun, 05 Mar 2017 16:21:13 +0000. Up 23.21 seconds.
[   23.970836] [cloud-init[0;32m  OK  [0m[1052]: ] ci-info: +++++++++++++++++++++++++++++++++++++Net device info++++++++++++++++++++++++++++++++++++++Started Initial cloud-init job (metadata service crawler).

[   23.971377] cloud-init[1052]: ci-info: +--------+------+----------------------------+---------------+-------+-------------------+
[   24.060839] [cloud-init[0;32m  OK  [0m[1052]: ] ci-info: | Device |  Up  |          Address           |      Mask     | Scope |     Hw-Address    |Reached target Network is Online.

[   24.061337] cloud-init[1052]: ci-info: +--------+------+----------------------------+---------------+-------+-------------------+
[   24.170067]          cloud-init[1052]: Starting iSCSI initiator daemon (iscsid)...ci-info: | enp0s3 | True |         10.0.2.15          | 255.255.255.0 |   .   | 02:c3:a0:ef:89:73 |

[[0;32m  OK  [0m] Reached target System Initialization.
[   24.170611] cloud-init[1052]: ci-info: | enp0s3 | True | fe80::c3:a0ff:feef:8973/64 |       .       |  link | 02:c3:a0:ef:89:73 |
[   24.274487] [cloud-init[0;32m  OK  [0m[1052]: ] ci-info: |   lo   | True |         127.0.0.1          |   255.0.0.0   |   .   |         .         |Listening on ACPID Listen Socket.

[   24.274974] [cloud-init[0;32m  OK  [0m[1052]: ] ci-info: |   lo   | True |          ::1/128           |       .       |  host |         .         |Started Daily Cleanup of Temporary Directories.

[   24.323043] [cloud-init[0;32m  OK  [0m[1052]: ] ci-info: +--------+------+----------------------------+---------------+-------+-------------------+Listening on D-Bus System Message Bus Socket.

[   24.436480] [cloud-init[0;32m  OK  [0m[1052]: ] ci-info: +++++++++++++++++++++++++++Route IPv4 info++++++++++++++++++++++++++++Started Trigger resolvconf update for networkd DNS.

         Starting Socket activation for snappy daemon.
[   24.437008] cloud-init[1052]: ci-info: +-------+-------------+----------+---------------+-----------+-------+
[   24.536945] [cloud-init[0;32m  OK  [0m[1052]: ] ci-info: | Route | Destination | Gateway  |    Genmask    | Interface | Flags |Started Timer to automatically refresh installed snaps.

[   24.537543] [cloud-init[0;32m  OK  [0m[1052]: ] ci-info: +-------+-------------+----------+---------------+-----------+-------+Started Daily apt activities.

[   24.598908] [cloud-init[0;32m  OK  [0m[1052]: ] ci-info: |   0   |   0.0.0.0   | 10.0.2.2 |    0.0.0.0    |   enp0s3  |   UG  |Reached target Timers.

[[0;32m  OK  [0m] Listening on UUID daemon activation socket.
[   24.603957] cloud-init[1052]: ci-info: |   1   |   10.0.2.0  | 0.0.0.0  | 255.255.255.0 |   enp0s3  |   U   |
[   24.609379]          cloud-initStarting LXD - unix socket.[1052]: 
ci-info: +-------+-------------+----------+---------------+-----------+-------+
[   24.622356] [cloud-init[0;32m  OK  [0m[1052]: ] Started ACPI Events Check.Generating public/private rsa key pair.

[   24.634833] [cloud-init[0;32m  OK  [0m[1052]: ] Your identification has been saved in /etc/ssh/ssh_host_rsa_key.Reached target Paths.

[   24.660540] [cloud-init[0;32m  OK  [0m[1052]: ] Your public key has been saved in /etc/ssh/ssh_host_rsa_key.pub.Reached target Cloud-config availability.

[   24.661186] cloud-init[1052]: The key fingerprint is:
[   24.721008] [cloud-init[0;32m  OK  [0m[1052]: ] SHA256:5pMOd83DC6jpeUDDthfTeNFqjacqleZIRffJjuffcYQ root@ubuntu-xenialListening on Socket activation for snappy daemon.

[   24.780358] [cloud-init[0;32m  OK  [0m[1052]: ] The key's randomart image is:Listening on LXD - unix socket.

[   24.780941] [cloud-init[0;32m  OK  [0m[1052]: ] +---[RSA 2048]----+Started iSCSI initiator daemon (iscsid).

[   24.895431]          cloud-init[1052]: Starting Login to default iSCSI targets...|           .     |

[   24.921613] [cloud-init[0;32m  OK  [0m[1052]: ] |        . o .    |Reached target Sockets.

[   24.948615] [cloud-init[0;32m  OK  [0m[1052]: ] |     . . + B .   |
Reached target Basic System.
[   24.949214] cloud-init[1052]: |      = = * *  . |
[   25.004983] [cloud-init[0;32m  OK  [0m[1052]: ] |     o +S* =  E .|Started FUSE filesystem for LXC.

[   25.005405] cloud-init[1052]: |      +o=oo+o  . |
[   25.048455]          cloud-initStarting Apply the settings specified in cloud-config...[1052]: 
|     ..B*.oo=  ..|
[   25.049139] cloud-init[1052]: |      oB+o ..o .o|
[   25.104480] cloud-init[1052]: |     .=o.   ... .|
[[0;32m  OK  [0m] Started Regular background program processing daemon.
[   25.123841] cloud-init[1052]: +----[SHA256]-----+
[   25.160599] cloud-init[1052]: Generating public/private dsa key pair.
         Starting Accounts Service...
[   25.223393] cloud-init[1052]: Your identification has been saved in /etc/ssh/ssh_host_dsa_key.
[   25.263434] cloud-init[1052]: Your public key has been saved in /etc/ssh/ssh_host_dsa_key.pub.
[[0;32m  OK  [0m] Started Deferred execution scheduler.
[   25.284824] cloud-init[1052]: The key fingerprint is:
[   25.344786] cloud-init[1052]: SHA256:nYuLTLACi2WksJYCdYkbQQSC8xbonNpJw889ivajxD4 root@ubuntu-xenial
         Starting /etc/rc.local Compatibility...
[   25.404182] cloud-init[1052]: The key's randomart image is:
[   25.420725] cloud-init[1052]: +---[DSA 1024]----+
         Starting System Logging Service...
[   25.434814] cloud-init[1052]: |+==o..           |
[   25.480396]          cloud-initStarting LXD - container startup/shutdown...[1052]: 
|=.+..            |
[   25.508630]          cloud-initStarting Login Service...[1052]: 
|=+o+             |
[   25.540650]          cloud-initStarting LSB: MD monitoring daemon...[1052]: 
|oBO      . .     |
[   25.603349] [cloud-init[0;32m  OK  [0m[1052]: ] |**o=..  S o      |Started Snappy daemon.

[   25.616710] cloud-init[1052]: |=*o ooo  . .     |
         Starting Auto import assertions from block devices...
[   25.656251] cloud-init[1052]: |o +...... .      |
         Starting Pollinate to seed the pseudo random number generator...
[   25.782916] cloud-init[1052]: | oE.oo . .       |
[   25.798893] cloud-init[1052]: | .o+..o .        |
[   25.804376] cloud-init[1052]: +----[SHA256]-----+
[   25.810521] cloud-init[1052]: Generating public/private ecdsa key pair.
[[0;32m  OK  [0m] Started ACPI event daemon.
[   25.827486] cloud-init[1052]: Your identification has been saved in /etc/ssh/ssh_host_ecdsa_key.
[   25.872607] cloud-init[1052]: Your public key has been saved in /etc/ssh/ssh_host_ecdsa_key.pub.
         Starting LSB: Record successful boot for GRUB...
[   25.901784] cloud-init[1052]: The key fingerprint is:
[[0;32m  OK  [0m] Started D-Bus System Message Bus.
[   25.977782] cloud-init[1052]: SHA256:5DlSI+dlE12nHx3Aqw+QyXNJJAyoBxpOJy8UTp9e9Mk root@ubuntu-xenial
[   25.999472] cloud-init[1052]: The key's randomart image is:
[   26.005712] cloud-init[1052]: +---[ECDSA 256]---+
[   26.011949] cloud-init[1052]: | o.  ...o.oo.oo..|
[   26.027689] cloud-init[1052]: |o=.oo.o ...o.. oo|
[[0;32m  OK  [0m] Started System Logging Service.
[[0;32m  OK  [0m] Started /etc/rc.local Compatibility.
[[0;32m  OK  [0m] Started Auto import assertions from block devices.
[   26.048527] cloud-init[1052]: |+.*oo..E* B . o..|
[   26.077022] cloud-init[1052]: | +.o.. B @ + . ..|
[   26.081322] cloud-init[1052]: |  ... . S + .   .|
[   26.088167] cloud-init[1052]: |       . . o     |
[   26.090838] cloud-init[1052]: |            o    |
[   26.100702] cloud-init[1052]: |             .   |
[   26.116986] cloud-init[1052]: |                 |
[   26.123564] cloud-init[1052]: +----[SHA256]-----+
[   26.130418] cloud-init[1052]: Generating public/private ed25519 key pair.
[   26.133831] cloud-init[1052]: Your identification has been saved in /etc/ssh/ssh_host_ed25519_key.
[   26.168092] cloud-init[1052]: Your public key has been saved in /etc/ssh/ssh_host_ed25519_key.pub.
[[0;32m  OK  [0m] Started Login to default iSCSI targets.
[   26.174750] cloud-init[1052]: The key fingerprint is:
[   26.207504] cloud-init[1052]: SHA256:XcY1LX9QHG7syQCHsaZrgbSi1nEPN5ppGeIS2JPq38U root@ubuntu-xenial
[   26.222227] cloud-init[1052]: The key's randomart image is:
[   26.235688] cloud-init[1052]: +--[ED25519 256]--+
[   26.253666] cloud-init[1052]: |           oo.o=o|
[   26.268936] cloud-init[1052]: |           o+.=.o|
[   26.285928] cloud-init[1052]: |       .   o+. B |
[[0;32m  OK  [0m] Started LSB: MD monitoring daemon.
[   26.300513] cloud-init[1052]: |  o . . o.oo  = +|
[   26.309789] cloud-init[1052]: | . = + *S=.    +.|
[   26.330554] cloud-init[1052]: |  . * * X +      |
[   26.333301] cloud-init[1052]: | . + o E +       |
[[0;32m  OK  [0m] Started LSB: Record successful boot for GRUB.
[   26.342165] cloud-init[1052]: |. . o o .        |
[   26.347717] cloud-init[1052]: | ... .           |
[[0;32m  OK  [0m] Started Login Service.
[   26.360787] cloud-init[1052]: +----[SHA256]-----+
         Starting Authenticate and Authorize Users to Run Privileged Tasks...
[[0;32m  OK  [0m] Reached target Remote File Systems (Pre).
[[0;32m  OK  [0m] Reached target Remote File Systems.
         Starting LSB: automatic crash report generation...
         Starting LSB: VirtualBox Linux Additions...
         Starting LSB: Set the CPU Frequency Scaling governor to "ondemand"...
         Starting LSB: daemon to balance interrupts for SMP systems...
         Starting Permit User Sessions...
[[0;32m  OK  [0m] Started Authenticate and Authorize Users to Run Privileged Tasks.
[[0;32m  OK  [0m] Started Permit User Sessions.
[   26.399936] cloud-init[1152]: Generating locales (this might take a while)...
[[0;32m  OK  [0m] Started Accounts Service.
[[0;32m  OK  [0m] Started LSB: automatic crash report generation.
         Starting Hold until boot process finishes up...
         Starting Terminate Plymouth Boot Screen...
[[0;32m  OK  [0m] Started LSB: Set the CPU Frequency Scaling governor to "ondemand".
[[0;32m  OK  [0m] Started LSB: daemon to balance interrupts for SMP systems.
[[0;32m  OK  [0m] Started Hold until boot process finishes up.
[[0;32m  OK  [0m] Started Terminate Plymouth Boot Screen.
         Starting Set console scheme...
[[0;32m  OK  [0m] Started Serial Getty on ttyS0.
[[0;32m  OK  [0m] Started Getty on tty1.
[[0;32m  OK  [0m] Reached target Login Prompts.
[[0;32m  OK  [0m] Started LSB: VirtualBox Linux Additions.
[[0;32m  OK  [0m] Started Set console scheme.
[   26.736211] cloud-init[1152]:   en_US.UTF-8... done
[   26.752698] cloud-init[1152]: Generation complete.
[[0;32m  OK  [0m] Stopped OpenBSD Secure Shell server.
         Starting OpenBSD Secure Shell server...
[[0;32m  OK  [0m] Started OpenBSD Secure Shell server.
[[0;32m  OK  [0m] Started Pollinate to seed the pseudo random number generator.
[   27.278405] cloud-init[1152]: Cloud-init v. 0.7.9 running 'modules:config' at Sun, 05 Mar 2017 16:21:15 +0000. Up 25.36 seconds.
[[0;32m  OK  [0m] Started Apply the settings specified in cloud-config.
[[0;32m  OK  [0m] Created slice User Slice of ubuntu.
         Starting User Manager for UID 1000...
[[0;32m  OK  [0m] Started Session 1 of user ubuntu.
[[0;32m  OK  [0m] Started User Manager for UID 1000.
[[0;32m  OK  [0m] Started Session 2 of user ubuntu.

Ubuntu 16.04.2 LTS ubuntu-xenial ttyS0

ubuntu-xenial login: ci-info: +++++Authorized keys from /home/ubuntu/.ssh/authorized_keys for user ubuntu++++++
ci-info: +---------+-------------------------------------------------+---------+---------+
ci-info: | Keytype |                Fingerprint (md5)                | Options | Comment |
ci-info: +---------+-------------------------------------------------+---------+---------+
ci-info: | ssh-rsa | 7a:5b:21:7e:08:27:04:97:de:73:a0:89:b5:05:4b:16 |    -    | vagrant |
ci-info: +---------+-------------------------------------------------+---------+---------+
<14>Mar  5 16:21:51 ec2: 
<14>Mar  5 16:21:51 ec2: #############################################################
<14>Mar  5 16:21:51 ec2: -----BEGIN SSH HOST KEY FINGERPRINTS-----
<14>Mar  5 16:21:51 ec2: 1024 SHA256:nYuLTLACi2WksJYCdYkbQQSC8xbonNpJw889ivajxD4 root@ubuntu-xenial (DSA)
<14>Mar  5 16:21:51 ec2: 256 SHA256:5DlSI+dlE12nHx3Aqw+QyXNJJAyoBxpOJy8UTp9e9Mk root@ubuntu-xenial (ECDSA)
<14>Mar  5 16:21:51 ec2: 256 SHA256:XcY1LX9QHG7syQCHsaZrgbSi1nEPN5ppGeIS2JPq38U root@ubuntu-xenial (ED25519)
<14>Mar  5 16:21:51 ec2: 2048 SHA256:5pMOd83DC6jpeUDDthfTeNFqjacqleZIRffJjuffcYQ root@ubuntu-xenial (RSA)
<14>Mar  5 16:21:51 ec2: -----END SSH HOST KEY FINGERPRINTS-----
<14>Mar  5 16:21:51 ec2: #############################################################
-----BEGIN SSH HOST KEY KEYS-----
ecdsa-sha2-nistp256 AAAAE2VjZHNhLXNoYTItbmlzdHAyNTYAAAAIbmlzdHAyNTYAAABBBCvQUbQVFGRISqwYsxi4jB/8wERZ41Lpj6rig1v6rVi1gNdTfP9ynL4ZnxidKtsx7jXXhYulOpxiaQuNxT/qwmQ= root@ubuntu-xenial
ssh-ed25519 AAAAC3NzaC1lZDI1NTE5AAAAIDTqkWl0l5vX4I9/CN9DhfWWLqRwNmjDd/HMObB/C+xq root@ubuntu-xenial
ssh-rsa AAAAB3NzaC1yc2EAAAADAQABAAABAQC1aWiYgP2lTOOBYYvUHdFi0BMHjyR/1Qmupvvxv1ww6B5oPNIasX2pQpapyHj1Dhl/qbLRIDxM6N6NmH+OiDn+GpYppeikfWDcxgS+geg+HYcHOK4eFJQHFXDSaMwB9ii8f/w3lcoKVIxbgY3/IM7QwVjGKxzwn5wlYHkAP4weEfVVhs8CBM/g8aqkAhdW3Jpq3D4xJ9+YZHFLEL+3UGEYf3vP2qsq8GCuD+bentl8by9aVNi29Ez+CZPImz5ZlLBWT35xPJNePAu6Is3A912Rat0dUMUwHMvbt3iQdzq+hiySrMtxCnH7Eb4QY/b/gCenXfdti5D91PasSI6jMGTf root@ubuntu-xenial
-----END SSH HOST KEY KEYS-----
[   62.009185] cloud-init[1862]: Cloud-init v. 0.7.9 running 'modules:final' at Sun, 05 Mar 2017 16:21:51 +0000. Up 61.64 seconds.
[   62.009417] cloud-init[1862]: Cloud-init v. 0.7.9 finished at Sun, 05 Mar 2017 16:21:51 +0000. Datasource DataSourceNoCloud [seed=/dev/sdb][dsmode=net].  Up 61.99 seconds
   n         Stopping System Logging Service...
         Stopping Graylog server...
         Stopping FUSE filesystem for LXC...
         Stopping LSB: Set the CPU Frequency Scaling governor to "ondemand"...
         Stopping Regular background program processing daemon...
         Stopping LSB: Record successful boot for GRUB...
         Stopping D-Bus System Message Bus...
         Stopping Elasticsearch...
         Stopping Deferred execution scheduler...
         Stopping OpenBSD Secure Shell server...
         Stopping Snappy daemon...
         Stopping LSB: automatic crash report generation...
         Stopping An object/document-oriented database...
[[0;32m  OK  [0m] Stopped Timer to automatically refresh installed snaps.
[[0;32m  OK  [0m] Stopped target System Time Synchronized.
         Stopping LSB: VirtualBox Linux Additions...
         Stopping LSB: daemon to balance interrupts for SMP systems...
         Stopping LSB: MD monitoring daemon...
         Stopping ACPI event daemon...
[[0;32m  OK  [0m] Unmounted /var/lib/lxcfs.
[[0;32m  OK  [0m] Stopped Regular background program processing daemon.
[[0;32m  OK  [0m] Stopped Accounts Service.
[[0;32m  OK  [0m] Stopped Deferred execution scheduler.
[[0;32m  OK  [0m] Stopped System Logging Service.
[[0;32m  OK  [0m] Stopped Snappy daemon.
[[0;32m  OK  [0m] Stopped ACPI event daemon.
[[0;32m  OK  [0m] Stopped Authenticate and Authorize Users to Run Privileged Tasks.
[[0;32m  OK  [0m] Stopped Serial Getty on ttyS0.
[[0;32m  OK  [0m] Stopped Getty on tty1.
[[0;32m  OK  [0m] Stopped OpenBSD Secure Shell server.
[[0;32m  OK  [0m] Stopped Elasticsearch.
[[0;32m  OK  [0m] Stopped An object/document-oriented database.
[[0;32m  OK  [0m] Stopped User Manager for UID 1000.
[[0;32m  OK  [0m] Stopped Session 5 of user ubuntu.
[[0;32m  OK  [0m] Stopped D-Bus System Message Bus.
[[0;32m  OK  [0m] Stopped FUSE filesystem for LXC.
[[0;32m  OK  [0m] Stopped LSB: Set the CPU Frequency Scaling governor to "ondemand".
[[0;32m  OK  [0m] Stopped LSB: Record successful boot for GRUB.
[[0;32m  OK  [0m] Stopped LSB: automatic crash report generation.
[[0;32m  OK  [0m] Stopped LSB: daemon to balance interrupts for SMP systems.
[[0;32m  OK  [0m] Stopped LSB: VirtualBox Linux Additions.
[[0;32m  OK  [0m] Stopped LSB: MD monitoring daemon.
[[0;32m  OK  [0m] Removed slice User Slice of ubuntu.
         Stopping Login Service...
[[0;32m  OK  [0m] Removed slice system-getty.slice.
[[0;32m  OK  [0m] Removed slice system-serial\x2dgetty.slice.
[[0;32m  OK  [0m] Stopped /etc/rc.local Compatibility.
         Stopping Permit User Sessions...
[[0;32m  OK  [0m] Stopped Login Service.
[[0;32m  OK  [0m] Stopped Permit User Sessions.
[[0;32m  OK  [0m] Stopped target Remote File Systems.
[[0;32m  OK  [0m] Stopped target Remote File Systems (Pre).
         Stopping Login to default iSCSI targets...
[[0;32m  OK  [0m] Stopped target User and Group Name Lookups.
[[0;32m  OK  [0m] Stopped Login to default iSCSI targets.
         Stopping iSCSI initiator daemon (iscsid)...
[[0;32m  OK  [0m] Stopped iSCSI initiator daemon (iscsid).
[[0;32m  OK  [0m] Stopped Graylog server.
[[0;32m  OK  [0m] Stopped target Basic System.
[[0;32m  OK  [0m] Stopped target Paths.
[[0;32m  OK  [0m] Stopped ACPI Events Check.
[[0;32m  OK  [0m] Stopped Dispatch Password Requests to Console Directory Watch.
[[0;32m  OK  [0m] Stopped Trigger resolvconf update for networkd DNS.
[[0;32m  OK  [0m] Stopped Forward Password Requests to Wall Directory Watch.
[[0;32m  OK  [0m] Stopped target Slices.
[[0;32m  OK  [0m] Removed slice User and Session Slice.
[[0;32m  OK  [0m] Stopped target Sockets.
[[0;32m  OK  [0m] Closed Socket activation for snappy daemon.
[[0;32m  OK  [0m] Closed LXD - unix socket.
[[0;32m  OK  [0m] Closed D-Bus System Message Bus Socket.
[[0;32m  OK  [0m] Closed UUID daemon activation socket.
[[0;32m  OK  [0m] Closed Syslog Socket.
[[0;32m  OK  [0m] Closed ACPID Listen Socket.
[[0;32m  OK  [0m] Stopped target System Initialization.
         Stopping Load/Save Random Seed...
[[0;32m  OK  [0m] Stopped target Encrypted Volumes.
[[0;32m  OK  [0m] Stopped Commit a transient machine-id on disk.
[[0;32m  OK  [0m] Stopped Create Volatile Files and Directories.
[[0;32m  OK  [0m] Stopped target Swap.
[[0;32m  OK  [0m] Stopped target Network is Online.
[[0;32m  OK  [0m] Stopped target Network.
[[0;32m  OK  [0m] Stopped Initial cloud-init job (metadata service crawler).
         Stopping Raise network interfaces...
[[0;32m  OK  [0m] Stopped Load/Save Random Seed.
[[0;32m  OK  [0m] Stopped Raise network interfaces.
[[0;32m  OK  [0m] Stopped Apply Kernel Variables.
[[0;32m  OK  [0m] Stopped target Local File Systems.
         Unmounting /run/user/1000...
         Unmounting /vagrant...
         Starting Unattended Upgrades Shutdown...
[[0;32m  OK  [0m] Stopped Load Kernel Modules.
[[0;32m  OK  [0m] Stopped target Network (Pre).
[[0;32m  OK  [0m] Stopped Initial cloud-init job (pre-networking).
[[0;32m  OK  [0m] Unmounted /run/user/1000.
[[0;32m  OK  [0m] Unmounted /vagrant.
[[0;32m  OK  [0m] Started Unattended Upgrades Shutdown.
[[0;32m  OK  [0m] Reached target Unmount All Filesystems.
[[0;32m  OK  [0m] Stopped target Local File Systems (Pre).
[[0;32m  OK  [0m] Stopped Remount Root and Kernel File Systems.
         Stopping Monitoring of LVM2 mirrors... dmeventd or progress polling...
[[0;32m  OK  [0m] Stopped Create Static Device Nodes in /dev.
[[0;32m  OK  [0m] Reached target Shutdown.
[  773.990869] reboot: Power down
